INFO: [HLS 200-10] Running 'D:/Xilinx/Vivado/2018.3/bin/unwrapped/win64.o/vivado_hls.exe'
INFO: [HLS 200-10] For user 'shish' on host 'desktop-q293m4d' (Windows NT_amd64 version 6.2) on Thu Feb 11 17:24:03 -0500 2021
INFO: [HLS 200-10] In directory 'C:/Users/shish/Desktop/work/SeRFI/HMAC'
INFO: [HLS 200-10] Opening project 'C:/Users/shish/Desktop/work/SeRFI/HMAC/rtl'.
INFO: [HLS 200-10] Adding design file '../../../avr-crypto-lib-master/test_src/config.h' to the project
INFO: [HLS 200-10] Adding design file '../../../hmac-sha256/hmac-sha256.c' to the project
INFO: [HLS 200-10] Adding design file '../../../hmac-sha256/hmac-sha256.h' to the project
INFO: [HLS 200-10] Adding design file '../../../avr-crypto-lib-master/sha256/sha256.h' to the project
INFO: [HLS 200-10] Opening solution 'C:/Users/shish/Desktop/work/SeRFI/HMAC/rtl/solution1'.
INFO: [SYN 201-201] Setting up clock 'default' with a period of 10ns.
INFO: [HLS 200-10] Setting target device to 'xc7z020clg484-1'
INFO: [SYN 201-201] Setting up clock 'default' with a period of 10ns.
INFO: [SCHED 204-61] Option 'relax_ii_for_timing' is enabled, will increase II to preserve clock frequency constraints.
INFO: [HLS 200-10] Analyzing design file '../../../hmac-sha256/hmac-sha256.c' ... 
WARNING: [HLS 200-40] ../../../hmac-sha256/hmac-sha256.c:33:10: fatal error: 'config.h' file not found
#include "config.h"
         ^
1 error generated.
C preprocessor failed.
    while executing
"source C:/Users/shish/Desktop/work/SeRFI/HMAC/rtl/solution1/csynth.tcl"
    invoked from within
"hls::main C:/Users/shish/Desktop/work/SeRFI/HMAC/rtl/solution1/csynth.tcl"
    ("uplevel" body line 1)
    invoked from within
"uplevel 1 hls::main {*}$args"
    (procedure "hls_proc" line 5)
    invoked from within
"hls_proc $argv"
