Vivado Simulator 2018.3
Time resolution is 1 ps
00100000000000000000000000000000
11111100000000000000000000000000
00111000100000000000000000000000
00101001111100000000000000000000
00001110101000100000000000000000
11011011011011111100000000000000
11111011011100100000000000000000
00110111011101011100000000000000
00100111111110110110000000000000
00001010111101101010000000000000
11010100100011010100000000000000
11101110100010100100000000000000
00011111010001001010000000000000
11111010100111111000000000000000
00110101111011000000000000000000
00100101000110101000000000000000
00000101100100001100000000000000
11001010011011100000000000000000
11011011100011100100000000000000
11111011101011000010000000000000
00110111111001000110000000000000
00101000110010111000000000000000
00001100011111001010000000000000
11010111011010001000000000000000
11110011111001001110000000000000
00101001010011010110000000000000
00001101011100000110000000000000
11011001001100100000000000000000
11110111001111011100000000000000
00101111100101000100000000000000
00011001001101011000000000000000
11101111010000110110000000000000
00100000100111111000000000000000
11111101001010100010000000000000
00111010101100001010000000000000
00101110000010100000000000000000
00010110010100101100000000000000
11101001110110011100000000000000
00010110011110001100000000000000
11101010001000010000000000000000
00010110111111011110000000000000
11101011000110100110000000000000
00011000110100101010000000000000
11101110100010011100000000000000
00011111010000101100000000000000
11111010100110111100000000000000
00110101111001001000000000000000
00100101000010111000000000000000
00000101011101001010000000000000
11001010001110011000000000000000
11011011001011001100000000000000
11111010111101000110000000000000
00110110100010110110000000000000
00100110010001001010000000000000
00000111101111111000000000000000
11001110100001100010000000000000
11100011001111010010000000000000
00001010000101000100000000000000
11010010111001011000000000000000
11101011011011110100000000000000
00011001011100100000000000000000
11101111101101011100000000000000
00100001011101010100000000000000
11111110101110110110000000000000
00111101101000001000000000000000
00110011100011000000000000000000
00100000101001101000000000000000
11111101001101110100000000000000
00111010110010010000000000000000
00101110001110001110000000000000
00010110101010010000000000000000
11101010011111001110000000000000
00010111101010100110000000000000
11101100010111101100000000000000
00011011001100100010000000000000
11110010111111011100000000000000
00100111100111000100000000000000
00001010010001001000000000000000
11010011001111111000000000000000
11101100000110000000000000000000
00011010101011010000000000000000
11110010000001000110000000000000
00100101110010010110000000000000
00000110110110001110000000000000
11001100110101010000000000000000
11100000000011110110000000000000
00000100000111100000000000000000
11000111101110000100000000000000
11010110011110101110000000000000
11110010001001101010000000000000
00100110000010010010000000000000
00000111010100001110000000000000
11001101101101100000000000000000
11100001101101010100000000000000
00000111001101010100000000000000
11001101100000110110000000000000
11100001010101111000000000000000
00000110100001010000000000000000
11001100001110010110000000000000
11011110111011001100000000000000
